This is pdfTeX, Version 3.141592653-2.6-1.40.25 (MiKTeX 23.5) (preloaded format=pdflatex 2023.7.29)  24 OCT 2023 22:03
entering extended mode
 restricted \write18 enabled.
 file:line:error style messages enabled.
 %&-line parsing enabled.
**"c:/Users/willk/OneDrive/Programming/Personal Projects/StagHunt/report/300473541_final_report.tex"
(c:/Users/willk/OneDrive/Programming/Personal Projects/StagHunt/report/300473541_final_report.tex
LaTeX2e <2023-06-01> patch level 1
L3 programming layer <2023-06-30>
(C:\Users\willk\AppData\Local\Programs\MiKTeX\tex/latex/base\report.cls
Document Class: report 2023/05/17 v1.4n Standard LaTeX document class
(C:\Users\willk\AppData\Local\Programs\MiKTeX\tex/latex/base\size11.clo
File: size11.clo 2023/05/17 v1.4n Standard LaTeX file (size option)
)
\c@part=\count185
\c@chapter=\count186
\c@section=\count187
\c@subsection=\count188
\c@subsubsection=\count189
\c@paragraph=\count190
\c@subparagraph=\count191
\c@figure=\count192
\c@table=\count193
\abovecaptionskip=\skip48
\belowcaptionskip=\skip49
\bibindent=\dimen140
) (C:\Users\willk\AppData\Local\Programs\MiKTeX\tex/latex/float\float.sty
Package: float 2001/11/08 v1.3d Float enhancements (AL)
\c@float@type=\count194
\float@exts=\toks17
\float@box=\box51
\@float@everytoks=\toks18
\@floatcapt=\box52
) (C:\Users\willk\AppData\Local\Programs\MiKTeX\tex/latex/url\url.sty
\Urlmuskip=\muskip16
Package: url 2013/09/16  ver 3.4  Verb mode for urls, etc.
) (C:\Users\willk\AppData\Local\Programs\MiKTeX\tex/latex/hyperref\hyperref.sty
Package: hyperref 2023-07-08 v7.01b Hypertext links for LaTeX
 (C:\Users\willk\AppData\Local\Programs\MiKTeX\tex/generic/ltxcmds\ltxcmds.sty
Package: ltxcmds 2020-05-10 v1.25 LaTeX kernel commands for general use (HO)
) (C:\Users\willk\AppData\Local\Programs\MiKTeX\tex/generic/iftex\iftex.sty
Package: iftex 2022/02/03 v1.0f TeX engine tests
) (C:\Users\willk\AppData\Local\Programs\MiKTeX\tex/generic/pdftexcmds\pdftexcmds.sty
Package: pdftexcmds 2020-06-27 v0.33 Utility functions of pdfTeX for LuaTeX (HO)
 (C:\Users\willk\AppData\Local\Programs\MiKTeX\tex/generic/infwarerr\infwarerr.sty
Package: infwarerr 2019/12/03 v1.5 Providing info/warning/error messages (HO)
)
Package pdftexcmds Info: \pdf@primitive is available.
Package pdftexcmds Info: \pdf@ifprimitive is available.
Package pdftexcmds Info: \pdfdraftmode found.
) (C:\Users\willk\AppData\Local\Programs\MiKTeX\tex/latex/graphics\keyval.sty
Package: keyval 2022/05/29 v1.15 key=value parser (DPC)
\KV@toks@=\toks19
) (C:\Users\willk\AppData\Local\Programs\MiKTeX\tex/latex/kvsetkeys\kvsetkeys.sty
Package: kvsetkeys 2022-10-05 v1.19 Key value parser (HO)
) (C:\Users\willk\AppData\Local\Programs\MiKTeX\tex/generic/kvdefinekeys\kvdefinekeys.sty
Package: kvdefinekeys 2019-12-19 v1.6 Define keys (HO)
) (C:\Users\willk\AppData\Local\Programs\MiKTeX\tex/generic/pdfescape\pdfescape.sty
Package: pdfescape 2019/12/09 v1.15 Implements pdfTeX's escape features (HO)
) (C:\Users\willk\AppData\Local\Programs\MiKTeX\tex/latex/hycolor\hycolor.sty
Package: hycolor 2020-01-27 v1.10 Color options for hyperref/bookmark (HO)
) (C:\Users\willk\AppData\Local\Programs\MiKTeX\tex/latex/letltxmacro\letltxmacro.sty
Package: letltxmacro 2019/12/03 v1.6 Let assignment for LaTeX macros (HO)
) (C:\Users\willk\AppData\Local\Programs\MiKTeX\tex/latex/auxhook\auxhook.sty
Package: auxhook 2019-12-17 v1.6 Hooks for auxiliary files (HO)
) (C:\Users\willk\AppData\Local\Programs\MiKTeX\tex/latex/hyperref\nameref.sty
Package: nameref 2023-08-07 v2.53 Cross-referencing by name of section
 (C:\Users\willk\AppData\Local\Programs\MiKTeX\tex/latex/refcount\refcount.sty
Package: refcount 2019/12/15 v3.6 Data extraction from label references (HO)
) (C:\Users\willk\AppData\Local\Programs\MiKTeX\tex/generic/gettitlestring\gettitlestring.sty
Package: gettitlestring 2019/12/15 v1.6 Cleanup title references (HO)
 (C:\Users\willk\AppData\Local\Programs\MiKTeX\tex/latex/kvoptions\kvoptions.sty
Package: kvoptions 2022-06-15 v3.15 Key value format for package options (HO)
))
\c@section@level=\count195
) (C:\Users\willk\AppData\Local\Programs\MiKTeX\tex/latex/etoolbox\etoolbox.sty
Package: etoolbox 2020/10/05 v2.5k e-TeX tools for LaTeX (JAW)
\etb@tempcnta=\count196
)
\@linkdim=\dimen141
\Hy@linkcounter=\count197
\Hy@pagecounter=\count198
 (C:\Users\willk\AppData\Local\Programs\MiKTeX\tex/latex/hyperref\pd1enc.def
File: pd1enc.def 2023-07-08 v7.01b Hyperref: PDFDocEncoding definition (HO)
Now handling font encoding PD1 ...
... no UTF-8 mapping file for font encoding PD1
) (C:\Users\willk\AppData\Local\Programs\MiKTeX\tex/generic/intcalc\intcalc.sty
Package: intcalc 2019/12/15 v1.3 Expandable calculations with integers (HO)
)
\Hy@SavedSpaceFactor=\count199
 (C:\Users\willk\AppData\Local\Programs\MiKTeX\tex/latex/hyperref\puenc.def
File: puenc.def 2023-07-08 v7.01b Hyperref: PDF Unicode definition (HO)
Now handling font encoding PU ...
... no UTF-8 mapping file for font encoding PU
)
Package hyperref Info: Hyper figures OFF on input line 4167.
Package hyperref Info: Link nesting OFF on input line 4172.
Package hyperref Info: Hyper index ON on input line 4175.
Package hyperref Info: Plain pages OFF on input line 4182.
Package hyperref Info: Backreferencing OFF on input line 4187.
Package hyperref Info: Implicit mode ON; LaTeX internals redefined.
Package hyperref Info: Bookmarks ON on input line 4434.
\c@Hy@tempcnt=\count266
LaTeX Info: Redefining \url on input line 4772.
\XeTeXLinkMargin=\dimen142
 (C:\Users\willk\AppData\Local\Programs\MiKTeX\tex/generic/bitset\bitset.sty
Package: bitset 2019/12/09 v1.3 Handle bit-vector datatype (HO)
 (C:\Users\willk\AppData\Local\Programs\MiKTeX\tex/generic/bigintcalc\bigintcalc.sty
Package: bigintcalc 2019/12/15 v1.5 Expandable calculations on big integers (HO)
))
\Fld@menulength=\count267
\Field@Width=\dimen143
\Fld@charsize=\dimen144
Package hyperref Info: Hyper figures OFF on input line 6051.
Package hyperref Info: Link nesting OFF on input line 6056.
Package hyperref Info: Hyper index ON on input line 6059.
Package hyperref Info: backreferencing OFF on input line 6066.
Package hyperref Info: Link coloring OFF on input line 6071.
Package hyperref Info: Link coloring with OCG OFF on input line 6076.
Package hyperref Info: PDF/A mode OFF on input line 6081.
 (C:\Users\willk\AppData\Local\Programs\MiKTeX\tex/latex/base\atbegshi-ltx.sty
Package: atbegshi-ltx 2021/01/10 v1.0c Emulation of the original atbegshi
package with kernel methods
)
\Hy@abspage=\count268
\c@Item=\count269
\c@Hfootnote=\count270
)
Package hyperref Info: Driver (autodetected): hpdftex.
 (C:\Users\willk\AppData\Local\Programs\MiKTeX\tex/latex/hyperref\hpdftex.def
File: hpdftex.def 2023-07-08 v7.01b Hyperref driver for pdfTeX
 (C:\Users\willk\AppData\Local\Programs\MiKTeX\tex/latex/base\atveryend-ltx.sty
Package: atveryend-ltx 2020/08/19 v1.0a Emulation of the original atveryend package
with kernel methods
)
\Fld@listcount=\count271
\c@bookmark@seq@number=\count272
 (C:\Users\willk\AppData\Local\Programs\MiKTeX\tex/latex/rerunfilecheck\rerunfilecheck.sty
Package: rerunfilecheck 2022-07-10 v1.10 Rerun checks for auxiliary files (HO)
 (C:\Users\willk\AppData\Local\Programs\MiKTeX\tex/generic/uniquecounter\uniquecounter.sty
Package: uniquecounter 2019/12/15 v1.4 Provide unlimited unique counter (HO)
)
Package uniquecounter Info: New unique counter `rerunfilecheck' on input line 285.
)
\Hy@SectionHShift=\skip50
)
\@float@every@fig=\toks20
\c@fig=\count273
 (vuwproject.sty (C:\Users\willk\AppData\Local\Programs\MiKTeX\tex/latex/psnfss\mathpazo.sty
Package: mathpazo 2020/03/25 PSNFSS-v9.3 Palatino w/ Pazo Math (D.Puga, WaS) 
\symupright=\mathgroup4
) (C:\Users\willk\AppData\Local\Programs\MiKTeX\tex/latex/graphics\graphicx.sty
Package: graphicx 2021/09/16 v1.2d Enhanced LaTeX Graphics (DPC,SPQR)
 (C:\Users\willk\AppData\Local\Programs\MiKTeX\tex/latex/graphics\graphics.sty
Package: graphics 2022/03/10 v1.4e Standard LaTeX Graphics (DPC,SPQR)
 (C:\Users\willk\AppData\Local\Programs\MiKTeX\tex/latex/graphics\trig.sty
Package: trig 2021/08/11 v1.11 sin cos tan (DPC)
) (C:\Users\willk\AppData\Local\Programs\MiKTeX\tex/latex/graphics-cfg\graphics.cfg
File: graphics.cfg 2016/06/04 v1.11 sample graphics configuration
)
Package graphics Info: Driver file: pdftex.def on input line 107.
 (C:\Users\willk\AppData\Local\Programs\MiKTeX\tex/latex/graphics-def\pdftex.def
File: pdftex.def 2022/09/22 v1.2b Graphics/color driver for pdftex
))
\Gin@req@height=\dimen145
\Gin@req@width=\dimen146
)
VUW Honours reports modifications -- Mar 1995
Modified to handle different degrees 2003
Modified to handle duplex printing properly 2006
LaTeX Font Info:    Trying to load font information for OT1+phv on input line 92.
(C:\Users\willk\AppData\Local\Programs\MiKTeX\tex/latex/psnfss\ot1phv.fd
File: ot1phv.fd 2020/03/25 scalable font definitions for OT1/phv.
)
LaTeX Font Info:    Font shape `OT1/phv/bx/n' in size <18> not available
(Font)              Font shape `OT1/phv/b/n' tried instead on input line 92.
\@abstract=\box53
)
LaTeX Font Info:    Trying to load font information for OT1+ppl on input line 53.
 (C:\Users\willk\AppData\Local\Programs\MiKTeX\tex/latex/psnfss\ot1ppl.fd
File: ot1ppl.fd 2001/06/04 font definitions for OT1/ppl.
) (C:\Users\willk\AppData\Local\Programs\MiKTeX\tex/latex/l3backend\l3backend-pdftex.def
File: l3backend-pdftex.def 2023-04-19 L3 backend support: PDF output (pdfTeX)
\l__color_backend_stack_int=\count274
\l__pdf_internal_box=\box54
) (300473541_final_report.aux (acknowledge.aux) (introduction.aux) (background.aux) (methodology.aux) (implementation.aux) (results.aux) (discussion.aux) (conclusion.aux))
\openout1 = `300473541_final_report.aux'.

LaTeX Font Info:    Checking defaults for OML/cmm/m/it on input line 53.
LaTeX Font Info:    ... okay on input line 53.
LaTeX Font Info:    Checking defaults for OMS/cmsy/m/n on input line 53.
LaTeX Font Info:    ... okay on input line 53.
LaTeX Font Info:    Checking defaults for OT1/cmr/m/n on input line 53.
LaTeX Font Info:    ... okay on input line 53.
LaTeX Font Info:    Checking defaults for T1/cmr/m/n on input line 53.
LaTeX Font Info:    ... okay on input line 53.
LaTeX Font Info:    Checking defaults for TS1/cmr/m/n on input line 53.
LaTeX Font Info:    ... okay on input line 53.
LaTeX Font Info:    Checking defaults for OMX/cmex/m/n on input line 53.
LaTeX Font Info:    ... okay on input line 53.
LaTeX Font Info:    Checking defaults for U/cmr/m/n on input line 53.
LaTeX Font Info:    ... okay on input line 53.
LaTeX Font Info:    Checking defaults for PD1/pdf/m/n on input line 53.
LaTeX Font Info:    ... okay on input line 53.
LaTeX Font Info:    Checking defaults for PU/pdf/m/n on input line 53.
LaTeX Font Info:    ... okay on input line 53.
Package hyperref Info: Link coloring OFF on input line 53.
 (300473541_final_report.out) (300473541_final_report.out)
\@outlinefile=\write3
\openout3 = `300473541_final_report.out'.

\big@size=\dimen147
 (C:\Users\willk\AppData\Local\Programs\MiKTeX\tex/context/base/mkii\supp-pdf.mkii
[Loading MPS to PDF converter (version 2006.09.02).]
\scratchcounter=\count275
\scratchdimen=\dimen148
\scratchbox=\box55
\nofMPsegments=\count276
\nofMParguments=\count277
\everyMPshowfont=\toks21
\MPscratchCnt=\count278
\MPscratchDim=\dimen149
\MPnumerator=\count279
\makeMPintoPDFobject=\count280
\everyMPtoPDFconversion=\toks22
) (C:\Users\willk\AppData\Local\Programs\MiKTeX\tex/latex/epstopdf-pkg\epstopdf-base.sty
Package: epstopdf-base 2020-01-24 v2.11 Base part for package epstopdf
Package epstopdf-base Info: Redefining graphics rule for `.eps' on input line 485.
 (C:\Users\willk\AppData\Local\Programs\MiKTeX\tex/latex/00miktex\epstopdf-sys.cfg
File: epstopdf-sys.cfg 2021/03/18 v2.0 Configuration of epstopdf for MiKTeX
))

pdfTeX warning: pdflatex (file ./VUW_Standard_Landscape_BLACK.pdf): PDF inclusion: found PDF version <1.7>, but at most version <1.5> allowed
<VUW_Standard_Landscape_BLACK.pdf, id=103, 290.08376pt x 69.25874pt>
File: VUW_Standard_Landscape_BLACK.pdf Graphic file (type pdf)
<use VUW_Standard_Landscape_BLACK.pdf>
Package pdftex.def Info: VUW_Standard_Landscape_BLACK.pdf  used on input line 70.
(pdftex.def)             Requested size: 270.30118pt x 64.53993pt.
LaTeX Font Info:    Trying to load font information for OML+zplm on input line 70.
(C:\Users\willk\AppData\Local\Programs\MiKTeX\tex/latex/psnfss\omlzplm.fd
File: omlzplm.fd 2002/09/08 Fontinst v1.914 font definitions for OML/zplm.
)
LaTeX Font Info:    Trying to load font information for OMS+zplm on input line 70.
 (C:\Users\willk\AppData\Local\Programs\MiKTeX\tex/latex/psnfss\omszplm.fd
File: omszplm.fd 2002/09/08 Fontinst v1.914 font definitions for OMS/zplm.
)
LaTeX Font Info:    Trying to load font information for OMX+zplm on input line 70.
 (C:\Users\willk\AppData\Local\Programs\MiKTeX\tex/latex/psnfss\omxzplm.fd
File: omxzplm.fd 2002/09/08 Fontinst v1.914 font definitions for OMX/zplm.
)
LaTeX Font Info:    Trying to load font information for OT1+zplm on input line 70.
 (C:\Users\willk\AppData\Local\Programs\MiKTeX\tex/latex/psnfss\ot1zplm.fd
File: ot1zplm.fd 2002/09/08 Fontinst v1.914 font definitions for OT1/zplm.
)
Overfull \hbox (14.22636pt too wide) in paragraph at lines 70--70
 []$ 
 []

[-1

{C:/Users/willk/AppData/Local/MiKTeX/fonts/map/pdftex/pdftex.map}{C:/Users/willk/AppData/Local/Programs/MiKTeX/fonts/enc/dvips/base/8r.enc} <./VUW_Standard_Landscape_BLACK.pdf>]
pdfTeX warning (ext4): destination with the same identifier (name{page.}) has been already used, duplicate ignored
<to be read again> 
                   \relax 
l.70 \maketitle
                [0]
\openout2 = `acknowledge.aux'.

 (acknowledge.tex) [1



] [2



] (300473541_final_report.toc)
\tf@toc=\write4
\openout4 = `300473541_final_report.toc'.

 [3] [4

] (300473541_final_report.lof)
\tf@lof=\write5
\openout5 = `300473541_final_report.lof'.

 [5] [6

]
\openout2 = `introduction.aux'.

 (introduction.tex
Chapter 1.
) [1


]
\openout2 = `background.aux'.

 (background.tex [2




]
Chapter 2.

Underfull \vbox (badness 10000) has occurred while \output is active []

 [3] [4] [5] [6]) [7]
\openout2 = `methodology.aux'.

 (methodology.tex [8




]
Chapter 3.

Overfull \hbox (0.2066pt too wide) in paragraph at lines 3--4
\OT1/ppl/m/n/10.95 both as an in-ter-est-ing prob-lem with no op-ti-mal Nash Equi-lib-rium and to in-ves-ti-gate whether
 []

[9]) [10]
\openout2 = `implementation.aux'.

 (implementation.tex
Chapter 4.
[11




]
<../screenshots/UI.png, id=305, 816.04875pt x 428.802pt>
File: ../screenshots/UI.png Graphic file (type png)
<use ../screenshots/UI.png>
Package pdftex.def Info: ../screenshots/UI.png  used on input line 36.
(pdftex.def)             Requested size: 284.52756pt x 149.50716pt.
Package hyperref Info: bookmark level for unknown fig defaults to 0 on input line 37.

Underfull \vbox (badness 6758) has occurred while \output is active []

 [12]
Underfull \vbox (badness 3579) has occurred while \output is active []

 [13 <../screenshots/UI.png>]) [14]
\openout2 = `results.aux'.

 (results.tex
Chapter 5.
<../screenshots/item_swap_Naive.png, id=328, 1445.4pt x 722.7pt>
File: ../screenshots/item_swap_Naive.png Graphic file (type png)
<use ../screenshots/item_swap_Naive.png>
Package pdftex.def Info: ../screenshots/item_swap_Naive.png  used on input line 14.
(pdftex.def)             Requested size: 199.16928pt x 99.57831pt.
[15




 <../screenshots/item_swap_Naive.png>]
<../screenshots/item_swap_CVI_no_holds.png, id=336, 1445.4pt x 722.7pt>
File: ../screenshots/item_swap_CVI_no_holds.png Graphic file (type png)
<use ../screenshots/item_swap_CVI_no_holds.png>
Package pdftex.def Info: ../screenshots/item_swap_CVI_no_holds.png  used on input line 24.
(pdftex.def)             Requested size: 199.16928pt x 99.57831pt.
<../screenshots/item_swap_CVI_holds.png, id=337, 4336.2pt x 2168.1pt>
File: ../screenshots/item_swap_CVI_holds.png Graphic file (type png)
<use ../screenshots/item_swap_CVI_holds.png>
Package pdftex.def Info: ../screenshots/item_swap_CVI_holds.png  used on input line 32.
(pdftex.def)             Requested size: 512.1496pt x 256.05855pt.
 [16 <../screenshots/item_swap_CVI_no_holds.png> <../screenshots/item_swap_CVI_holds.png>]
<../screenshots/item_swap_SVI_holds_3.png, id=344, 7949.7pt x 10840.5pt>
File: ../screenshots/item_swap_SVI_holds_3.png Graphic file (type png)
<use ../screenshots/item_swap_SVI_holds_3.png>
Package pdftex.def Info: ../screenshots/item_swap_SVI_holds_3.png  used on input line 42.
(pdftex.def)             Requested size: 426.79134pt x 581.92117pt.

Underfull \vbox (badness 10000) has occurred while \output is active []

 [17 <../screenshots/item_swap_SVI_holds_3.png>]
<../screenshots/pd_nf_NVI.png, id=355, 481.8pt x 481.8pt>
File: ../screenshots/pd_nf_NVI.png Graphic file (type png)
<use ../screenshots/pd_nf_NVI.png>
Package pdftex.def Info: ../screenshots/pd_nf_NVI.png  used on input line 58.
(pdftex.def)             Requested size: 85.35826pt x 85.35284pt.
<../screenshots/pd_nf_CVI_no_holds.png, id=356, 481.8pt x 481.8pt>
File: ../screenshots/pd_nf_CVI_no_holds.png Graphic file (type png)
<use ../screenshots/pd_nf_CVI_no_holds.png>
Package pdftex.def Info: ../screenshots/pd_nf_CVI_no_holds.png  used on input line 66.
(pdftex.def)             Requested size: 85.35826pt x 85.35284pt.
 [18 <../screenshots/pd_nf_NVI.png> <../screenshots/pd_nf_CVI_no_holds.png>]
<../screenshots/pddd_CVI_no_holds.png, id=366, 1445.4pt x 722.7pt>
File: ../screenshots/pddd_CVI_no_holds.png Graphic file (type png)
<use ../screenshots/pddd_CVI_no_holds.png>
Package pdftex.def Info: ../screenshots/pddd_CVI_no_holds.png  used on input line 76.
(pdftex.def)             Requested size: 199.16928pt x 99.57831pt.
<../screenshots/pdcc_CVI_no_holds.png, id=367, 1445.4pt x 722.7pt>
File: ../screenshots/pdcc_CVI_no_holds.png Graphic file (type png)
<use ../screenshots/pdcc_CVI_no_holds.png>
Package pdftex.def Info: ../screenshots/pdcc_CVI_no_holds.png  used on input line 84.
(pdftex.def)             Requested size: 199.16928pt x 99.57831pt.
<../screenshots/pd_nf_CVI_holds.png, id=371, 481.8pt x 481.8pt>
File: ../screenshots/pd_nf_CVI_holds.png Graphic file (type png)
<use ../screenshots/pd_nf_CVI_holds.png>
Package pdftex.def Info: ../screenshots/pd_nf_CVI_holds.png  used on input line 94.
(pdftex.def)             Requested size: 85.35826pt x 85.35284pt.
<../screenshots/pddd_CVI_holds.png, id=372, 4336.2pt x 2168.1pt>
File: ../screenshots/pddd_CVI_holds.png Graphic file (type png)
<use ../screenshots/pddd_CVI_holds.png>
Package pdftex.def Info: ../screenshots/pddd_CVI_holds.png  used on input line 102.
(pdftex.def)             Requested size: 426.79134pt x 213.38213pt.

Underfull \vbox (badness 10000) has occurred while \output is active []

 [19 <../screenshots/pddd_CVI_no_holds.png> <../screenshots/pdcc_CVI_no_holds.png> <../screenshots/pd_nf_CVI_holds.png>]
<../screenshots/pdcc_CVI_holds.png, id=380, 4336.2pt x 1445.4pt>
File: ../screenshots/pdcc_CVI_holds.png Graphic file (type png)
<use ../screenshots/pdcc_CVI_holds.png>
Package pdftex.def Info: ../screenshots/pdcc_CVI_holds.png  used on input line 110.
(pdftex.def)             Requested size: 426.79134pt x 142.25475pt.
 [20 <../screenshots/pddd_CVI_holds.png> <../screenshots/pdcc_CVI_holds.png>]
<../screenshots/pdcc_CVI_holds_3.png, id=389, 3613.5pt x 2168.1pt>
File: ../screenshots/pdcc_CVI_holds_3.png Graphic file (type png)
<use ../screenshots/pdcc_CVI_holds_3.png>
Package pdftex.def Info: ../screenshots/pdcc_CVI_holds_3.png  used on input line 122.
(pdftex.def)             Requested size: 284.52756pt x 170.70569pt.
<../screenshots/pdcc_CVI_holds_4.png, id=390, 4336.2pt x 4336.2pt>
File: ../screenshots/pdcc_CVI_holds_4.png Graphic file (type png)
<use ../screenshots/pdcc_CVI_holds_4.png>
Package pdftex.def Info: ../screenshots/pdcc_CVI_holds_4.png  used on input line 130.
(pdftex.def)             Requested size: 284.52756pt x 284.50949pt.

Underfull \vbox (badness 10000) has occurred while \output is active []

 [21 <../screenshots/pdcc_CVI_holds_3.png> <../screenshots/pdcc_CVI_holds_4.png>]
<../screenshots/stag_hunt_nf_NVI.png, id=401, 481.8pt x 481.8pt>
File: ../screenshots/stag_hunt_nf_NVI.png Graphic file (type png)
<use ../screenshots/stag_hunt_nf_NVI.png>
Package pdftex.def Info: ../screenshots/stag_hunt_nf_NVI.png  used on input line 141.
(pdftex.def)             Requested size: 85.35826pt x 85.35284pt.
<../screenshots/stag_hunt_nf_CVI.png, id=402, 481.8pt x 481.8pt>
File: ../screenshots/stag_hunt_nf_CVI.png Graphic file (type png)
<use ../screenshots/stag_hunt_nf_CVI.png>
Package pdftex.def Info: ../screenshots/stag_hunt_nf_CVI.png  used on input line 149.
(pdftex.def)             Requested size: 85.35826pt x 85.35284pt.
<../screenshots/stag_hunt_CVI.png, id=403, 2890.8pt x 1445.4pt>
File: ../screenshots/stag_hunt_CVI.png Graphic file (type png)
<use ../screenshots/stag_hunt_CVI.png>
Package pdftex.def Info: ../screenshots/stag_hunt_CVI.png  used on input line 157.
(pdftex.def)             Requested size: 341.43306pt x 170.70569pt.
 [22 <../screenshots/stag_hunt_nf_NVI.png> <../screenshots/stag_hunt_nf_CVI.png> <../screenshots/stag_hunt_CVI.png>]
<../screenshots/stag_hunt_CVI_5.png, id=413, 5058.9pt x 7227.0pt>
File: ../screenshots/stag_hunt_CVI_5.png Graphic file (type png)
<use ../screenshots/stag_hunt_CVI_5.png>
Package pdftex.def Info: ../screenshots/stag_hunt_CVI_5.png  used on input line 169.
(pdftex.def)             Requested size: 312.9803pt x 447.05484pt.

Underfull \vbox (badness 10000) has occurred while \output is active []

 [23 <../screenshots/stag_hunt_CVI_5.png>]
<../screenshots/AllGames_0_Nash_Equilibria.png, id=422, 9169.25626pt x 9169.25626pt>
File: ../screenshots/AllGames_0_Nash_Equilibria.png Graphic file (type png)
<use ../screenshots/AllGames_0_Nash_Equilibria.png>
Package pdftex.def Info: ../screenshots/AllGames_0_Nash_Equilibria.png  used on input line 182.
(pdftex.def)             Requested size: 455.24408pt x 455.1318pt.
<../screenshots/AllGames_1_Discount_greyed.png, id=423, 6876.94218pt x 6876.94218pt>
File: ../screenshots/AllGames_1_Discount_greyed.png Graphic file (type png)
<use ../screenshots/AllGames_1_Discount_greyed.png>
Package pdftex.def Info: ../screenshots/AllGames_1_Discount_greyed.png  used on input line 190.
(pdftex.def)             Requested size: 469.47046pt x 469.36778pt.
 [24 <../screenshots/AllGames_0_Nash_Equilibria.png>]
<../screenshots/AllGames_2_Holds_greyed.png, id=430, 6876.94218pt x 6876.94218pt>
File: ../screenshots/AllGames_2_Holds_greyed.png Graphic file (type png)
<use ../screenshots/AllGames_2_Holds_greyed.png>
Package pdftex.def Info: ../screenshots/AllGames_2_Holds_greyed.png  used on input line 200.
(pdftex.def)             Requested size: 469.47046pt x 469.36778pt.

Underfull \vbox (badness 10000) has occurred while \output is active []

 [25 <../screenshots/AllGames_1_Discount_greyed.png>]) [26 <../screenshots/AllGames_2_Holds_greyed.png>]
\openout2 = `discussion.aux'.

 (discussion.tex
Chapter 6.
[27




]) [28]
\openout2 = `conclusion.aux'.

 (conclusion.tex
Chapter 7.
[29




] [30

]
Chapter 8.
) [31] [32



] (300473541_final_report.bbl) [33

] (300473541_final_report.aux (acknowledge.aux) (introduction.aux) (background.aux) (methodology.aux) (implementation.aux) (results.aux) (discussion.aux) (conclusion.aux))
 ***********
LaTeX2e <2023-06-01> patch level 1
L3 programming layer <2023-06-30>
 ***********
Package rerunfilecheck Info: File `300473541_final_report.out' has not changed.
(rerunfilecheck)             Checksum: 031BFAC89596C45E8D54F7B46E66D85A;3560.
 ) 
Here is how much of TeX's memory you used:
 9346 strings out of 475551
 154549 string characters out of 5762554
 1929238 words of memory out of 5000000
 30264 multiletter control sequences out of 15000+600000
 592978 words of font info for 115 fonts, out of 8000000 for 9000
 1141 hyphenation exceptions out of 8191
 75i,8n,79p,1631b,460s stack positions out of 10000i,1000n,20000p,200000b,200000s
<C:/Users/willk/AppData/Local/Programs/MiKTeX/fonts/type1/public/amsfonts/cm/cmex10.pfb><C:/Users/willk/AppData/Local/Programs/MiKTeX/fonts/type1/public/amsfonts/cm/cmmi10.pfb><C:/Users/willk/AppData/Local/Programs/MiKTeX/fonts/type1/public/amsfonts/cm/cmr10.pfb><C:/Users/willk/AppData/Local/Programs/MiKTeX/fonts/type1/public/amsfonts/cm/cmsy10.pfb><C:/Users/willk/AppData/Local/Programs/MiKTeX/fonts/type1/public/amsfonts/cm/cmtt10.pfb><C:/Users/willk/AppData/Local/Programs/MiKTeX/fonts/type1/public/mathpazo/fplmr.pfb><C:/Users/willk/AppData/Local/Programs/MiKTeX/fonts/type1/public/mathpazo/fplmri.pfb><C:/Users/willk/AppData/Local/Programs/MiKTeX/fonts/type1/urw/helvetic/uhvb8a.pfb><C:/Users/willk/AppData/Local/Programs/MiKTeX/fonts/type1/urw/helvetic/uhvr8a.pfb><C:/Users/willk/AppData/Local/Programs/MiKTeX/fonts/type1/urw/palatino/uplb8a.pfb><C:/Users/willk/AppData/Local/Programs/MiKTeX/fonts/type1/urw/palatino/uplr8a.pfb><C:/Users/willk/AppData/Local/Programs/MiKTeX/fonts/type1/urw/palatino/uplri8a.pfb>
Output written on 300473541_final_report.pdf (41 pages, 8359499 bytes).
PDF statistics:
 557 PDF objects out of 1000 (max. 8388607)
 104 named destinations out of 1000 (max. 500000)
 311 words of extra memory for PDF output out of 10000 (max. 10000000)

